#
# There is insufficient memory for the Java Runtime Environment to continue.
# Native memory allocation (malloc) failed to allocate 75235328 bytes for committing reserved memory.
# Possible reasons:
#   The system is out of physical RAM or swap space
#   In 32 bit mode, the process size limit was hit
# Possible solutions:
#   Reduce memory load on the system
#   Increase physical memory or swap space
#   Check if swap backing store is full
#   Use 64 bit Java on a 64 bit OS
#   Decrease Java heap size (-Xmx/-Xms)
#   Decrease number of Java threads
#   Decrease Java thread stack sizes (-Xss)
#   Set larger code cache with -XX:ReservedCodeCacheSize=
# This output file may be truncated or incomplete.
#
#  Out of Memory Error (os_linux.cpp:2827), pid=8548, tid=1742527296
#
# JRE version: OpenJDK Runtime Environment (7.0_85-b01) (build 1.7.0_85-b01)
# Java VM: OpenJDK Server VM (24.85-b03 mixed mode linux-x86 )
# Derivative: IcedTea 2.6.1
# Distribution: Ubuntu 14.04 LTS, package 7u85-2.6.1-5ubuntu0.14.04.1
# Failed to write core dump. Core dumps have been disabled. To enable core dumping, try "ulimit -c unlimited" before starting Java again
#

---------------  T H R E A D  ---------------

Current thread (0x67c80400):  VMThread [stack: 0x67d4d000,0x67dce000] [id=8568]

Stack: [0x67d4d000,0x67dce000]
VM_Operation (0x67071a18): ParallelGCFailedAllocation, mode: safepoint, requested by thread 0x67358400


---------------  P R O C E S S  ---------------

Java Threads: ( => current thread )
  0x6736a800 JavaThread "pool-1-thread-4" [_thread_blocked, id=8600, stack(0x66ede000,0x66f2f000)]
  0x6735f400 JavaThread "pool-1-thread-3" [_thread_blocked, id=8599, stack(0x66f2f000,0x66f80000)]
  0x6735e800 JavaThread "pool-1-thread-2" [_thread_blocked, id=8598, stack(0x66f80000,0x66fd1000)]
  0x6735b400 JavaThread "pool-2-thread-1" [_thread_blocked, id=8597, stack(0x66fd1000,0x67022000)]
  0x67358400 JavaThread "pool-1-thread-1" [_thread_blocked, id=8596, stack(0x67022000,0x67073000)]
  0x67c9d000 JavaThread "Service Thread" daemon [_thread_blocked, id=8579, stack(0x6755c000,0x675ad000)]
  0x67c9b400 JavaThread "C2 CompilerThread1" daemon [_thread_blocked, id=8578, stack(0x675ad000,0x6762e000)]
  0x67c99400 JavaThread "C2 CompilerThread0" daemon [_thread_blocked, id=8577, stack(0x6762e000,0x676af000)]
  0x67c97c00 JavaThread "Signal Dispatcher" daemon [_thread_blocked, id=8576, stack(0x676af000,0x67700000)]
  0x67c84800 JavaThread "Finalizer" daemon [_thread_blocked, id=8575, stack(0x67b5e000,0x67baf000)]
  0x67c83000 JavaThread "Reference Handler" daemon [_thread_blocked, id=8574, stack(0x67baf000,0x67c00000)]
  0xb6407c00 JavaThread "main" [_thread_blocked, id=8550, stack(0xb6549000,0xb659a000)]

Other Threads:
=>0x67c80400 VMThread [stack: 0x67d4d000,0x67dce000] [id=8568]
  0x67c9f400 WatcherThread [stack: 0x674db000,0x6755c000] [id=8580]

VM state:at safepoint (normal execution)

VM Mutex/Monitor currently owned by a thread:  ([mutex/lock_event])
[0xb6405340] Threads_lock - owner thread: 0x67c80400
[0xb6405750] Heap_lock - owner thread: 0x67358400

Heap
 PSYoungGen      total 198400K, used 76027K [0x9dd80000, 0xaeb40000, 0xb3300000)
  eden space 122368K, 0% used [0x9dd80000,0x9dd80000,0xa5500000)
  from space 76032K, 99% used [0xa56c0000,0xaa0fef70,0xaa100000)
  to   space 63744K, 0% used [0xaad00000,0xaad00000,0xaeb40000)
 ParOldGen       total 207360K, used 157914K [0x73300000, 0x7fd80000, 0x9dd80000)
  object space 207360K, 76% used [0x73300000,0x7cd36a08,0x7fd80000)
 PSPermGen       total 16384K, used 4236K [0x6b300000, 0x6c300000, 0x73300000)
  object space 16384K, 25% used [0x6b300000,0x6b723008,0x6c300000)

Card table byte_map: [0x6b0bf000,0x6b300000] byte_map_base: 0x6ad65800

Polling page: 0xb774d000

Code Cache  [0xb33c5000, 0xb3605000, 0xb63c5000)
 total_blobs=497 nmethods=374 adapters=76 free_code_cache=47659Kb largest_free_block=48746048

Compilation events (10 events):
Event: 16.153 Thread 0x67c9b400 nmethod 375 0xb3515e08 code [0xb3515f00, 0xb3515f50]
Event: 16.153 Thread 0x67c9b400  376             com.android.dx.ssa.SsaMethod::isRegALocal (90 bytes)
Event: 16.192 Thread 0x67c99400 nmethod 329 0xb3534248 code [0xb3535800, 0xb353dcb4]
Event: 16.247 Thread 0x67c99400  377             com.android.dx.ssa.PhiInsn::getSources (95 bytes)
Event: 16.267 Thread 0x67c99400 nmethod 377 0xb352dc08 code [0xb352dd20, 0xb352e0d0]
Event: 16.267 Thread 0x67c99400  378             com.android.dx.ssa.PhiInsn::predBlocksForReg (73 bytes)
Event: 18.638 Thread 0x67c99400 nmethod 378 0xb3528488 code [0xb35285e0, 0xb3528a84]
Event: 18.638 Thread 0x67c99400  379             com.android.dx.ssa.back.InterferenceGraph::ensureCapacity (42 bytes)
Event: 18.639 Thread 0x67c9b400 nmethod 376 0xb3529448 code [0xb3529620, 0xb3529e84]
Event: 18.639 Thread 0x67c9b400  380             com.android.dx.ssa.back.InterferenceGraph::add (46 bytes)

GC Heap History (10 events):
Event: 14.989 GC heap after
Heap after GC invocations=8 (full 0):
 PSYoungGen      total 125952K, used 15616K [0x9dd80000, 0xa8c80000, 0xb3300000)
  eden space 110336K, 0% used [0x9dd80000,0x9dd80000,0xa4940000)
  from space 15616K, 100% used [0xa64c0000,0xa7400000,0xa7400000)
  to   space 28160K, 0% used [0xa4940000,0xa4940000,0xa64c0000)
 ParOldGen       total 41472K, used 39256K [0x73300000, 0x75b80000, 0x9dd80000)
  object space 41472K, 94% used [0x73300000,0x759560f8,0x75b80000)
 PSPermGen       total 16384K, used 4237K [0x6b300000, 0x6c300000, 0x73300000)
  object space 16384K, 25% used [0x6b300000,0x6b7236a8,0x6c300000)
}
Event: 14.989 GC heap before
{Heap before GC invocations=9 (full 1):
 PSYoungGen      total 125952K, used 15616K [0x9dd80000, 0xa8c80000, 0xb3300000)
  eden space 110336K, 0% used [0x9dd80000,0x9dd80000,0xa4940000)
  from space 15616K, 100% used [0xa64c0000,0xa7400000,0xa7400000)
  to   space 28160K, 0% used [0xa4940000,0xa4940000,0xa64c0000)
 ParOldGen       total 41472K, used 39256K [0x73300000, 0x75b80000, 0x9dd80000)
  object space 41472K, 94% used [0x73300000,0x759560f8,0x75b80000)
 PSPermGen       total 16384K, used 4237K [0x6b300000, 0x6c300000, 0x73300000)
  object space 16384K, 25% used [0x6b300000,0x6b7236a8,0x6c300000)
Event: 16.085 GC heap after
Heap after GC invocations=9 (full 1):
 PSYoungGen      total 125952K, used 9437K [0x9dd80000, 0xa8c80000, 0xb3300000)
  eden space 110336K, 0% used [0x9dd80000,0x9dd80000,0xa4940000)
  from space 15616K, 60% used [0xa64c0000,0xa6df76c8,0xa7400000)
  to   space 28160K, 0% used [0xa4940000,0xa4940000,0xa64c0000)
 ParOldGen       total 81408K, used 41345K [0x73300000, 0x78280000, 0x9dd80000)
  object space 81408K, 50% used [0x73300000,0x75b60420,0x78280000)
 PSPermGen       total 16384K, used 4235K [0x6b300000, 0x6c300000, 0x73300000)
  object space 16384K, 25% used [0x6b300000,0x6b722fe8,0x6c300000)
}
Event: 16.276 GC heap before
{Heap before GC invocations=10 (full 1):
 PSYoungGen      total 125952K, used 119773K [0x9dd80000, 0xa8c80000, 0xb3300000)
  eden space 110336K, 100% used [0x9dd80000,0xa4940000,0xa4940000)
  from space 15616K, 60% used [0xa64c0000,0xa6df76c8,0xa7400000)
  to   space 28160K, 0% used [0xa4940000,0xa4940000,0xa64c0000)
 ParOldGen       total 81408K, used 41345K [0x73300000, 0x78280000, 0x9dd80000)
  object space 81408K, 50% used [0x73300000,0x75b60420,0x78280000)
 PSPermGen       total 16384K, used 4236K [0x6b300000, 0x6c300000, 0x73300000)
  object space 16384K, 25% used [0x6b300000,0x6b723008,0x6c300000)
Event: 16.605 GC heap after
Heap after GC invocations=10 (full 1):
 PSYoungGen      total 138496K, used 28150K [0x9dd80000, 0xaec40000, 0xb3300000)
  eden space 110336K, 0% used [0x9dd80000,0x9dd80000,0xa4940000)
  from space 28160K, 99% used [0xa4940000,0xa64bdbe8,0xa64c0000)
  to   space 64768K, 0% used [0xaad00000,0xaad00000,0xaec40000)
 ParOldGen       total 118784K, used 118734K [0x73300000, 0x7a700000, 0x9dd80000)
  object space 118784K, 99% used [0x73300000,0x7a6f3be0,0x7a700000)
 PSPermGen       total 16384K, used 4236K [0x6b300000, 0x6c300000, 0x73300000)
  object space 16384K, 25% used [0x6b300000,0x6b723008,0x6c300000)
}
Event: 16.605 GC heap before
{Heap before GC invocations=11 (full 2):
 PSYoungGen      total 138496K, used 28150K [0x9dd80000, 0xaec40000, 0xb3300000)
  eden space 110336K, 0% used [0x9dd80000,0x9dd80000,0xa4940000)
  from space 28160K, 99% used [0xa4940000,0xa64bdbe8,0xa64c0000)
  to   space 64768K, 0% used [0xaad00000,0xaad00000,0xaec40000)
 ParOldGen       total 118784K, used 118734K [0x73300000, 0x7a700000, 0x9dd80000)
  object space 118784K, 99% used [0x73300000,0x7a6f3be0,0x7a700000)
 PSPermGen       total 16384K, used 4236K [0x6b300000, 0x6c300000, 0x73300000)
  object space 16384K, 25% used [0x6b300000,0x6b723008,0x6c300000)
Event: 18.562 GC heap after
Heap after GC invocations=11 (full 2):
 PSYoungGen      total 138496K, used 4784K [0x9dd80000, 0xaec40000, 0xb3300000)
  eden space 110336K, 0% used [0x9dd80000,0x9dd80000,0xa4940000)
  from space 28160K, 16% used [0xa4940000,0xa4dec3f0,0xa64c0000)
  to   space 64768K, 0% used [0xaad00000,0xaad00000,0xaec40000)
 ParOldGen       total 207360K, used 118616K [0x73300000, 0x7fd80000, 0x9dd80000)
  object space 207360K, 57% used [0x73300000,0x7a6d6258,0x7fd80000)
 PSPermGen       total 16384K, used 4236K [0x6b300000, 0x6c300000, 0x73300000)
  object space 16384K, 25% used [0x6b300000,0x6b723008,0x6c300000)
}
Event: 18.695 GC heap before
{Heap before GC invocations=12 (full 2):
 PSYoungGen      total 138496K, used 115120K [0x9dd80000, 0xaec40000, 0xb3300000)
  eden space 110336K, 100% used [0x9dd80000,0xa4940000,0xa4940000)
  from space 28160K, 16% used [0xa4940000,0xa4dec3f0,0xa64c0000)
  to   space 64768K, 0% used [0xaad00000,0xaad00000,0xaec40000)
 ParOldGen       total 207360K, used 118616K [0x73300000, 0x7fd80000, 0x9dd80000)
  object space 207360K, 57% used [0x73300000,0x7a6d6258,0x7fd80000)
 PSPermGen       total 16384K, used 4236K [0x6b300000, 0x6c300000, 0x73300000)
  object space 16384K, 25% used [0x6b300000,0x6b723008,0x6c300000)
Event: 18.942 GC heap after
Heap after GC invocations=12 (full 2):
 PSYoungGen      total 186112K, used 63616K [0x9dd80000, 0xaeb40000, 0xb3300000)
  eden space 122368K, 0% used [0x9dd80000,0x9dd80000,0xa5500000)
  from space 63744K, 99% used [0xaad00000,0xaeb20000,0xaeb40000)
  to   space 76032K, 0% used [0xa56c0000,0xa56c0000,0xaa100000)
 ParOldGen       total 207360K, used 118616K [0x73300000, 0x7fd80000, 0x9dd80000)
  object space 207360K, 57% used [0x73300000,0x7a6d6258,0x7fd80000)
 PSPermGen       total 16384K, used 4236K [0x6b300000, 0x6c300000, 0x73300000)
  object space 16384K, 25% used [0x6b300000,0x6b723008,0x6c300000)
}
Event: 19.956 GC heap before
{Heap before GC invocations=13 (full 2):
 PSYoungGen      total 186112K, used 185984K [0x9dd80000, 0xaeb40000, 0xb3300000)
  eden space 122368K, 100% used [0x9dd80000,0xa5500000,0xa5500000)
  from space 63744K, 99% used [0xaad00000,0xaeb20000,0xaeb40000)
  to   space 76032K, 0% used [0xa56c0000,0xa56c0000,0xaa100000)
 ParOldGen       total 207360K, used 118616K [0x73300000, 0x7fd80000, 0x9dd80000)
  object space 207360K, 57% used [0x73300000,0x7a6d6258,0x7fd80000)
 PSPermGen       total 16384K, used 4236K [0x6b300000, 0x6c300000, 0x73300000)
  object space 16384K, 25% used [0x6b300000,0x6b723008,0x6c300000)

Deoptimization events (10 events):
Event: 2.780 Thread 0x6735e800 Uncommon trap: reason=unstable_if action=reinterpret pc=0xb34571d8 method=java.util.BitSet.clone()Ljava/lang/Object; @ 4
Event: 2.882 Thread 0x67358400 Uncommon trap: reason=unstable_if action=reinterpret pc=0xb343c72c method=com.android.dx.util.IntList.binarysearch(I)I @ 105
Event: 6.222 Thread 0x67358400 Uncommon trap: reason=class_check action=maybe_recompile pc=0xb3482058 method=com.android.dx.ssa.SCCP.simulateBranch(Lcom/android/dx/ssa/SsaInsn;)V @ 145
Event: 8.955 Thread 0x67358400 Uncommon trap: reason=class_check action=maybe_recompile pc=0xb3482058 method=com.android.dx.ssa.SCCP.simulateBranch(Lcom/android/dx/ssa/SsaInsn;)V @ 145
Event: 8.989 Thread 0xb6407c00 Uncommon trap: reason=null_check action=make_not_entrant pc=0xb349c574 method=com.android.dx.rop.type.Type.putIntern(Lcom/android/dx/rop/type/Type;)Lcom/android/dx/rop/type/Type; @ 18
Event: 9.236 Thread 0x6735e800 Uncommon trap: reason=class_check action=maybe_recompile pc=0xb3482058 method=com.android.dx.ssa.SCCP.simulateBranch(Lcom/android/dx/ssa/SsaInsn;)V @ 145
Event: 19.190 Thread 0x6735e800 Uncommon trap: reason=predicate action=maybe_recompile pc=0xb345cdbc method=com.android.dx.ssa.DomFront.run()[Lcom/android/dx/ssa/DomFront$DomInfo; @ 175
Event: 19.196 Thread 0x6735f400 Uncommon trap: reason=predicate action=maybe_recompile pc=0xb345cdbc method=com.android.dx.ssa.DomFront.run()[Lcom/android/dx/ssa/DomFront$DomInfo; @ 175
Event: 19.200 Thread 0x6736a800 Uncommon trap: reason=predicate action=maybe_recompile pc=0xb345cdbc method=com.android.dx.ssa.DomFront.run()[Lcom/android/dx/ssa/DomFront$DomInfo; @ 175
Event: 19.203 Thread 0xb6407c00 Uncommon trap: reason=predicate action=maybe_recompile pc=0xb345cdbc method=com.android.dx.ssa.DomFront.run()[Lcom/android/dx/ssa/DomFront$DomInfo; @ 175

Internal exceptions (10 events):
Event: 0.943 Thread 0xb6407c00 Threw 0x9ea0e5c0 at /build/openjdk-7-puQ9hr/openjdk-7-7u85-2.6.1/build/openjdk/hotspot/src/share/vm/prims/jvm.cpp:1322
Event: 0.964 Thread 0xb6407c00 Threw 0x9ea14318 at /build/openjdk-7-puQ9hr/openjdk-7-7u85-2.6.1/build/openjdk/hotspot/src/share/vm/prims/jvm.cpp:1322
Event: 1.014 Thread 0x67358400 Threw 0x9e9e9230 at /build/openjdk-7-puQ9hr/openjdk-7-7u85-2.6.1/build/openjdk/hotspot/src/share/vm/prims/jvm.cpp:1322
Event: 1.655 Thread 0xb6407c00 Threw 0x9e1b6180 at /build/openjdk-7-puQ9hr/openjdk-7-7u85-2.6.1/build/openjdk/hotspot/src/share/vm/prims/jvm.cpp:1322
Event: 1.691 Thread 0x6736a800 Implicit null exception at 0xb3434923 to 0xb3434bd1
Event: 1.851 Thread 0xb6407c00 Threw 0x9e4ed898 at /build/openjdk-7-puQ9hr/openjdk-7-7u85-2.6.1/build/openjdk/hotspot/src/share/vm/prims/jvm.cpp:1322
Event: 3.387 Thread 0xb6407c00 Threw 0x9e22f0c8 at /build/openjdk-7-puQ9hr/openjdk-7-7u85-2.6.1/build/openjdk/hotspot/src/share/vm/prims/jvm.cpp:1322
Event: 4.463 Thread 0x6735e800 Threw 0x9f72cec8 at /build/openjdk-7-puQ9hr/openjdk-7-7u85-2.6.1/build/openjdk/hotspot/src/share/vm/prims/jvm.cpp:1322
Event: 5.409 Thread 0xb6407c00 Threw 0x9e3bb2b0 at /build/openjdk-7-puQ9hr/openjdk-7-7u85-2.6.1/build/openjdk/hotspot/src/share/vm/prims/jvm.cpp:1322
Event: 8.989 Thread 0xb6407c00 Implicit null exception at 0xb349bfde to 0xb349c569

Events (10 events):
Event: 19.190 Thread 0x6735e800 DEOPT PACKING pc=0xb345cdbc sp=0x66fcfbe0
Event: 19.196 Thread 0x6735f400 DEOPT PACKING pc=0xb345cdbc sp=0x66f7ebe0
Event: 19.200 Thread 0x6736a800 Uncommon trap: trap_request=0xffffff86 fr.pc=0xb345cdbc
Event: 19.200 Thread 0x6736a800 DEOPT PACKING pc=0xb345cdbc sp=0x66f2dbe0
Event: 19.203 Thread 0xb6407c00 DEOPT PACKING pc=0xb345cdbc sp=0xb6598850
Event: 19.480 Executing VM operation: ParallelGCFailedAllocation
Event: 19.941 Thread 0xb6407c00 DEOPT UNPACKING pc=0xb33f1bc8 sp=0xb6598820 mode 2
Event: 19.941 Thread 0x6735f400 DEOPT UNPACKING pc=0xb33f1bc8 sp=0x66f7ebb0 mode 2
Event: 19.941 Thread 0x6736a800 DEOPT UNPACKING pc=0xb33f1bc8 sp=0x66f2dbb0 mode 2
Event: 19.941 Thread 0x6735e800 DEOPT UNPACKING pc=0xb33f1bc8 sp=0x66fcfbb0 mode 2


Dynamic libraries:
08048000-08049000 r-xp 00000000 08:05 29365494   /usr/lib/jvm/java-7-openjdk-i386/jre/bin/java
08049000-0804a000 r--p 00000000 08:05 29365494   /usr/lib/jvm/java-7-openjdk-i386/jre/bin/java
0804a000-0804b000 rw-p 00001000 08:05 29365494   /usr/lib/jvm/java-7-openjdk-i386/jre/bin/java
08c68000-08ca3000 rw-p 00000000 00:00 0          [heap]
65500000-6562f000 rw-p 00000000 00:00 0 
6562f000-65700000 ---p 00000000 00:00 0 
65700000-657db000 rw-p 00000000 00:00 0 
657db000-65800000 ---p 00000000 00:00 0 
65800000-658fc000 rw-p 00000000 00:00 0 
658fc000-65900000 ---p 00000000 00:00 0 
65900000-659ff000 rw-p 00000000 00:00 0 
659ff000-65a00000 ---p 00000000 00:00 0 
65b00000-65bf5000 rw-p 00000000 00:00 0 
65bf5000-65c00000 ---p 00000000 00:00 0 
65d00000-65dfc000 rw-p 00000000 00:00 0 
65dfc000-65e00000 ---p 00000000 00:00 0 
65e00000-65efe000 rw-p 00000000 00:00 0 
65efe000-65f00000 ---p 00000000 00:00 0 
65f00000-65ffa000 rw-p 00000000 00:00 0 
65ffa000-66000000 ---p 00000000 00:00 0 
66100000-661fa000 rw-p 00000000 00:00 0 
661fa000-66200000 ---p 00000000 00:00 0 
66300000-663f6000 rw-p 00000000 00:00 0 
663f6000-66400000 ---p 00000000 00:00 0 
66500000-665f9000 rw-p 00000000 00:00 0 
665f9000-66600000 ---p 00000000 00:00 0 
66600000-666f6000 rw-p 00000000 00:00 0 
666f6000-66700000 ---p 00000000 00:00 0 
66700000-667f9000 rw-p 00000000 00:00 0 
667f9000-66800000 ---p 00000000 00:00 0 
66800000-668fd000 rw-p 00000000 00:00 0 
668fd000-66900000 ---p 00000000 00:00 0 
66900000-669fd000 rw-p 00000000 00:00 0 
669fd000-66a00000 ---p 00000000 00:00 0 
66a00000-66afe000 rw-p 00000000 00:00 0 
66afe000-66b00000 ---p 00000000 00:00 0 
66b00000-66bfb000 rw-p 00000000 00:00 0 
66bfb000-66c00000 ---p 00000000 00:00 0 
66c00000-66cfd000 rw-p 00000000 00:00 0 
66cfd000-66d00000 ---p 00000000 00:00 0 
66d00000-66e00000 rw-p 00000000 00:00 0 
66ede000-66ee1000 ---p 00000000 00:00 0 
66ee1000-66f2f000 rw-p 00000000 00:00 0          [stack:8600]
66f2f000-66f32000 ---p 00000000 00:00 0 
66f32000-66f80000 rw-p 00000000 00:00 0          [stack:8599]
66f80000-66f83000 ---p 00000000 00:00 0 
66f83000-66fd1000 rw-p 00000000 00:00 0          [stack:8598]
66fd1000-66fd4000 ---p 00000000 00:00 0 
66fd4000-67022000 rw-p 00000000 00:00 0          [stack:8597]
67022000-67025000 ---p 00000000 00:00 0 
67025000-67073000 rw-p 00000000 00:00 0          [stack:8596]
67073000-6717d000 r-xp 00000000 08:05 2098304    /lib/i386-linux-gnu/libglib-2.0.so.0.4002.0
6717d000-6717e000 r--p 00109000 08:05 2098304    /lib/i386-linux-gnu/libglib-2.0.so.0.4002.0
6717e000-6717f000 rw-p 0010a000 08:05 2098304    /lib/i386-linux-gnu/libglib-2.0.so.0.4002.0
6717f000-672fc000 r-xp 00000000 08:05 25171181   /usr/lib/i386-linux-gnu/libgio-2.0.so.0.4002.0
672fc000-672fe000 r--p 0017d000 08:05 25171181   /usr/lib/i386-linux-gnu/libgio-2.0.so.0.4002.0
672fe000-672ff000 rw-p 0017f000 08:05 25171181   /usr/lib/i386-linux-gnu/libgio-2.0.so.0.4002.0
672ff000-67300000 rw-p 00000000 00:00 0 
67300000-67389000 rw-p 00000000 00:00 0 
67389000-67400000 ---p 00000000 00:00 0 
67410000-6744c000 r-xp 00000000 08:05 2098376    /lib/i386-linux-gnu/libpcre.so.3.13.1
6744c000-6744d000 r--p 0003b000 08:05 2098376    /lib/i386-linux-gnu/libpcre.so.3.13.1
6744d000-6744e000 rw-p 0003c000 08:05 2098376    /lib/i386-linux-gnu/libpcre.so.3.13.1
6744e000-67461000 r-xp 00000000 08:05 2098399    /lib/i386-linux-gnu/libresolv-2.19.so
67461000-67462000 ---p 00013000 08:05 2098399    /lib/i386-linux-gnu/libresolv-2.19.so
67462000-67463000 r--p 00013000 08:05 2098399    /lib/i386-linux-gnu/libresolv-2.19.so
67463000-67464000 rw-p 00014000 08:05 2098399    /lib/i386-linux-gnu/libresolv-2.19.so
67464000-67466000 rw-p 00000000 00:00 0 
67466000-67486000 r-xp 00000000 08:05 2098403    /lib/i386-linux-gnu/libselinux.so.1
67486000-67487000 r--p 0001f000 08:05 2098403    /lib/i386-linux-gnu/libselinux.so.1
67487000-67488000 rw-p 00020000 08:05 2098403    /lib/i386-linux-gnu/libselinux.so.1
67488000-67489000 rw-p 00000000 00:00 0 
67489000-674d9000 r-xp 00000000 08:05 25171203   /usr/lib/i386-linux-gnu/libgobject-2.0.so.0.4002.0
674d9000-674da000 r--p 0004f000 08:05 25171203   /usr/lib/i386-linux-gnu/libgobject-2.0.so.0.4002.0
674da000-674db000 rw-p 00050000 08:05 25171203   /usr/lib/i386-linux-gnu/libgobject-2.0.so.0.4002.0
674db000-674dc000 ---p 00000000 00:00 0 
674dc000-6755c000 rw-p 00000000 00:00 0          [stack:8580]
6755c000-6755f000 ---p 00000000 00:00 0 
6755f000-675ad000 rw-p 00000000 00:00 0          [stack:8579]
675ad000-675b0000 ---p 00000000 00:00 0 
675b0000-6762e000 rw-p 00000000 00:00 0          [stack:8578]
6762e000-67631000 ---p 00000000 00:00 0 
67631000-676af000 rw-p 00000000 00:00 0          [stack:8577]
676af000-676b2000 ---p 00000000 00:00 0 
676b2000-67700000 rw-p 00000000 00:00 0          [stack:8576]
67700000-67900000 r--p 00000000 08:05 25174789   /usr/lib/locale/locale-archive
67900000-67921000 rw-p 00000000 00:00 0 
67921000-67a00000 ---p 00000000 00:00 0 
67a00000-67afa000 rw-p 00000000 00:00 0 
67afa000-67b00000 ---p 00000000 00:00 0 
67b1f000-67b5e000 r--p 00277000 08:05 25174789   /usr/lib/locale/locale-archive
67b5e000-67b61000 ---p 00000000 00:00 0 
67b61000-67baf000 rw-p 00000000 00:00 0          [stack:8575]
67baf000-67bb2000 ---p 00000000 00:00 0 
67bb2000-67c00000 rw-p 00000000 00:00 0          [stack:8574]
67c00000-67d00000 rw-p 00000000 00:00 0 
67d01000-67d06000 r-xp 00000000 08:05 25171108   /usr/lib/i386-linux-gnu/libffi.so.6.0.1
67d06000-67d07000 r--p 00005000 08:05 25171108   /usr/lib/i386-linux-gnu/libffi.so.6.0.1
67d07000-67d08000 rw-p 00006000 08:05 25171108   /usr/lib/i386-linux-gnu/libffi.so.6.0.1
67d08000-67d0b000 r-xp 00000000 08:05 25171191   /usr/lib/i386-linux-gnu/libgmodule-2.0.so.0.4002.0
67d0b000-67d0c000 r--p 00002000 08:05 25171191   /usr/lib/i386-linux-gnu/libgmodule-2.0.so.0.4002.0
67d0c000-67d0d000 rw-p 00003000 08:05 25171191   /usr/lib/i386-linux-gnu/libgmodule-2.0.so.0.4002.0
67d0d000-67d4d000 r--p 002b8000 08:05 25174789   /usr/lib/locale/locale-archive
67d4d000-67d4e000 ---p 00000000 00:00 0 
67d4e000-67dce000 rw-p 00000000 00:00 0          [stack:8568]
67dce000-67f80000 r--s 01d30000 08:05 530525     /usr/lib/jvm/java-7-openjdk-i386/jre/lib/rt.jar
67f80000-6a800000 rw-p 00000000 00:00 0 
6a800000-6a8ee000 rw-p 00000000 00:00 0 
6a8ee000-6a900000 ---p 00000000 00:00 0 
6a904000-6a91c000 r-xp 00000000 08:05 791359     /usr/lib/jvm/java-7-openjdk-i386/jre/lib/i386/libnet.so
6a91c000-6a91d000 r--p 00017000 08:05 791359     /usr/lib/jvm/java-7-openjdk-i386/jre/lib/i386/libnet.so
6a91d000-6a91e000 rw-p 00018000 08:05 791359     /usr/lib/jvm/java-7-openjdk-i386/jre/lib/i386/libnet.so
6a91e000-6a936000 r--s 000e7000 08:05 2754798    /home/louise/Documents/android/android-project/Test/app/build/intermediates/exploded-aar/com.google.android.gms/play-services-ads/8.3.0/jars/classes.jar
6a936000-6a97f000 rw-p 00000000 00:00 0 
6a97f000-6a980000 ---p 00000000 00:00 0 
6a980000-6aa00000 rw-p 00000000 00:00 0          [stack:8557]
6aa00000-6aa21000 rw-p 00000000 00:00 0 
6aa21000-6ab00000 ---p 00000000 00:00 0 
6ab00000-6ab21000 rw-p 00000000 00:00 0 
6ab21000-6ac00000 ---p 00000000 00:00 0 
6ac02000-6ac13000 r-xp 00000000 08:05 791323     /usr/lib/jvm/java-7-openjdk-i386/jre/lib/i386/libnio.so
6ac13000-6ac14000 r--p 00010000 08:05 791323     /usr/lib/jvm/java-7-openjdk-i386/jre/lib/i386/libnio.so
6ac14000-6ac15000 rw-p 00011000 08:05 791323     /usr/lib/jvm/java-7-openjdk-i386/jre/lib/i386/libnio.so
6ac15000-6ac24000 r--s 000df000 08:05 14559827   /home/louise/Documents/android/android-sdk-linux/build-tools/23.0.2/lib/dx.jar
6ac24000-6ac7f000 rw-p 00000000 00:00 0 
6ac7f000-6ac80000 ---p 00000000 00:00 0 
6ac80000-6ad00000 rw-p 00000000 00:00 0          [stack:8556]
6ad00000-6ad3c000 rw-p 00000000 00:00 0 
6ad3c000-6ae00000 ---p 00000000 00:00 0 
6ae04000-6ae08000 r--s 00034000 08:05 661563     /usr/lib/jvm/java-7-openjdk-i386/jre/lib/ext/sunjce_provider.jar
6ae08000-6ae0c000 r--s 00085000 08:05 661561     /usr/lib/jvm/java-7-openjdk-i386/jre/lib/ext/localedata.jar
6ae0c000-6ae27000 rw-p 00000000 00:00 0 
6ae27000-6ae28000 ---p 00000000 00:00 0 
6ae28000-6aea8000 rw-p 00000000 00:00 0          [stack:8554]
6aea8000-6aea9000 ---p 00000000 00:00 0 
6aea9000-6af31000 rw-p 00000000 00:00 0          [stack:8551]
6af31000-6af69000 rw-p 00000000 00:00 0 
6af69000-6afcf000 rw-p 00000000 00:00 0 
6afcf000-6b0bf000 rw-p 00000000 00:00 0 
6b0bf000-6b0c7000 rw-p 00000000 00:00 0 
6b0c7000-6b0ff000 rw-p 00000000 00:00 0 
6b0ff000-6b165000 rw-p 00000000 00:00 0 
6b165000-6b254000 rw-p 00000000 00:00 0 
6b254000-6b2dc000 rw-p 00000000 00:00 0 
6b2dc000-6b2ff000 rw-p 00000000 00:00 0 
6b2ff000-6c300000 rw-p 00000000 00:00 0 
6c300000-73300000 rw-p 00000000 00:00 0 
73300000-7fd80000 rw-p 00000000 00:00 0 
7fd80000-9dd80000 rw-p 00000000 00:00 0 
9dd80000-aeb40000 rw-p 00000000 00:00 0 
b3300000-b3303000 r--s 0000f000 08:05 661562     /usr/lib/jvm/java-7-openjdk-i386/jre/lib/ext/icedtea-sound.jar
b3303000-b3305000 r--s 00006000 08:05 25438045   /usr/share/java/java-atk-wrapper.jar
b3305000-b330e000 rw-p 00000000 00:00 0 
b330e000-b33c5000 rw-p 00000000 00:00 0 
b33c5000-b3605000 rwxp 00000000 00:00 0 
b3605000-b63c5000 rw-p 00000000 00:00 0 
b63c5000-b63d0000 r-xp 00000000 08:05 2098348    /lib/i386-linux-gnu/libnss_files-2.19.so
b63d0000-b63d1000 r--p 0000a000 08:05 2098348    /lib/i386-linux-gnu/libnss_files-2.19.so
b63d1000-b63d2000 rw-p 0000b000 08:05 2098348    /lib/i386-linux-gnu/libnss_files-2.19.so
b63d2000-b63dc000 r-xp 00000000 08:05 2098358    /lib/i386-linux-gnu/libnss_nis-2.19.so
b63dc000-b63dd000 r--p 00009000 08:05 2098358    /lib/i386-linux-gnu/libnss_nis-2.19.so
b63dd000-b63de000 rw-p 0000a000 08:05 2098358    /lib/i386-linux-gnu/libnss_nis-2.19.so
b63de000-b63f3000 r-xp 00000000 08:05 2098342    /lib/i386-linux-gnu/libnsl-2.19.so
b63f3000-b63f4000 r--p 00015000 08:05 2098342    /lib/i386-linux-gnu/libnsl-2.19.so
b63f4000-b63f5000 rw-p 00016000 08:05 2098342    /lib/i386-linux-gnu/libnsl-2.19.so
b63f5000-b63f7000 rw-p 00000000 00:00 0 
b63f7000-b63fe000 r-xp 00000000 08:05 2098344    /lib/i386-linux-gnu/libnss_compat-2.19.so
b63fe000-b63ff000 r--p 00006000 08:05 2098344    /lib/i386-linux-gnu/libnss_compat-2.19.so
b63ff000-b6400000 rw-p 00007000 08:05 2098344    /lib/i386-linux-gnu/libnss_compat-2.19.so
b6400000-b6500000 rw-p 00000000 00:00 0 
b6501000-b6505000 r--s 0003c000 08:05 661564     /usr/lib/jvm/java-7-openjdk-i386/jre/lib/ext/sunpkcs11.jar
b6505000-b650d000 r-xp 00000000 08:05 791327     /usr/lib/jvm/java-7-openjdk-i386/jre/lib/i386/libzip.so
b650d000-b650e000 r--p 00007000 08:05 791327     /usr/lib/jvm/java-7-openjdk-i386/jre/lib/i386/libzip.so
b650e000-b650f000 rw-p 00008000 08:05 791327     /usr/lib/jvm/java-7-openjdk-i386/jre/lib/i386/libzip.so
b650f000-b6517000 rw-s 00000000 08:05 2496982    /tmp/hsperfdata_louise/8548
b6517000-b653e000 r-xp 00000000 08:05 791335     /usr/lib/jvm/java-7-openjdk-i386/jre/lib/i386/libjava.so
b653e000-b653f000 r--p 00026000 08:05 791335     /usr/lib/jvm/java-7-openjdk-i386/jre/lib/i386/libjava.so
b653f000-b6540000 rw-p 00027000 08:05 791335     /usr/lib/jvm/java-7-openjdk-i386/jre/lib/i386/libjava.so
b6540000-b6547000 r-xp 00000000 08:05 2098401    /lib/i386-linux-gnu/librt-2.19.so
b6547000-b6548000 r--p 00006000 08:05 2098401    /lib/i386-linux-gnu/librt-2.19.so
b6548000-b6549000 rw-p 00007000 08:05 2098401    /lib/i386-linux-gnu/librt-2.19.so
b6549000-b654c000 ---p 00000000 00:00 0 
b654c000-b659a000 rw-p 00000000 00:00 0          [stack:8550]
b659a000-b65b6000 r-xp 00000000 08:05 2098300    /lib/i386-linux-gnu/libgcc_s.so.1
b65b6000-b65b7000 rw-p 0001b000 08:05 2098300    /lib/i386-linux-gnu/libgcc_s.so.1
b65b7000-b65fb000 r-xp 00000000 08:05 2098323    /lib/i386-linux-gnu/libm-2.19.so
b65fb000-b65fc000 r--p 00043000 08:05 2098323    /lib/i386-linux-gnu/libm-2.19.so
b65fc000-b65fd000 rw-p 00044000 08:05 2098323    /lib/i386-linux-gnu/libm-2.19.so
b65fd000-b66d9000 r-xp 00000000 08:05 25171663   /usr/lib/i386-linux-gnu/libstdc++.so.6.0.19
b66d9000-b66dd000 r--p 000dc000 08:05 25171663   /usr/lib/i386-linux-gnu/libstdc++.so.6.0.19
b66dd000-b66de000 rw-p 000e0000 08:05 25171663   /usr/lib/i386-linux-gnu/libstdc++.so.6.0.19
b66de000-b66e5000 rw-p 00000000 00:00 0 
b66e5000-b70da000 r-xp 00000000 08:05 791345     /usr/lib/jvm/java-7-openjdk-i386/jre/lib/i386/server/libjvm.so
b70da000-b712c000 r--p 009f4000 08:05 791345     /usr/lib/jvm/java-7-openjdk-i386/jre/lib/i386/server/libjvm.so
b712c000-b7140000 rw-p 00a46000 08:05 791345     /usr/lib/jvm/java-7-openjdk-i386/jre/lib/i386/server/libjvm.so
b7140000-b755e000 rw-p 00000000 00:00 0 
b755e000-b7576000 r-xp 00000000 08:05 2098434    /lib/i386-linux-gnu/libz.so.1.2.8
b7576000-b7577000 r--p 00017000 08:05 2098434    /lib/i386-linux-gnu/libz.so.1.2.8
b7577000-b7578000 rw-p 00018000 08:05 2098434    /lib/i386-linux-gnu/libz.so.1.2.8
b7578000-b7590000 r-xp 00000000 08:05 2098393    /lib/i386-linux-gnu/libpthread-2.19.so
b7590000-b7591000 r--p 00018000 08:05 2098393    /lib/i386-linux-gnu/libpthread-2.19.so
b7591000-b7592000 rw-p 00019000 08:05 2098393    /lib/i386-linux-gnu/libpthread-2.19.so
b7592000-b7594000 rw-p 00000000 00:00 0 
b7594000-b7597000 r-xp 00000000 08:05 2098290    /lib/i386-linux-gnu/libdl-2.19.so
b7597000-b7598000 r--p 00002000 08:05 2098290    /lib/i386-linux-gnu/libdl-2.19.so
b7598000-b7599000 rw-p 00003000 08:05 2098290    /lib/i386-linux-gnu/libdl-2.19.so
b7599000-b7741000 r-xp 00000000 08:05 2098273    /lib/i386-linux-gnu/libc-2.19.so
b7741000-b7743000 r--p 001a8000 08:05 2098273    /lib/i386-linux-gnu/libc-2.19.so
b7743000-b7744000 rw-p 001aa000 08:05 2098273    /lib/i386-linux-gnu/libc-2.19.so
b7744000-b7747000 rw-p 00000000 00:00 0 
b7747000-b7749000 r--s 00012000 08:05 661560     /usr/lib/jvm/java-7-openjdk-i386/jre/lib/ext/zipfs.jar
b7749000-b774a000 r--s 00002000 08:05 661565     /usr/lib/jvm/java-7-openjdk-i386/jre/lib/ext/dnsns.jar
b774a000-b774b000 r--p 0059a000 08:05 25174789   /usr/lib/locale/locale-archive
b774b000-b774c000 r--p 009ce000 08:05 25174789   /usr/lib/locale/locale-archive
b774c000-b774d000 rw-p 00000000 00:00 0 
b774d000-b774e000 ---p 00000000 00:00 0 
b774e000-b775c000 r-xp 00000000 08:05 791354     /usr/lib/jvm/java-7-openjdk-i386/jre/lib/i386/libverify.so
b775c000-b775d000 r--p 0000d000 08:05 791354     /usr/lib/jvm/java-7-openjdk-i386/jre/lib/i386/libverify.so
b775d000-b775e000 rw-p 0000e000 08:05 791354     /usr/lib/jvm/java-7-openjdk-i386/jre/lib/i386/libverify.so
b775e000-b776a000 r-xp 00000000 08:05 791356     /usr/lib/jvm/java-7-openjdk-i386/jre/lib/i386/jli/libjli.so
b776a000-b776b000 r--p 0000c000 08:05 791356     /usr/lib/jvm/java-7-openjdk-i386/jre/lib/i386/jli/libjli.so
b776b000-b776c000 rw-p 0000d000 08:05 791356     /usr/lib/jvm/java-7-openjdk-i386/jre/lib/i386/jli/libjli.so
b776c000-b776f000 rw-p 00000000 00:00 0 
b776f000-b7771000 r--p 00000000 00:00 0          [vvar]
b7771000-b7773000 r-xp 00000000 00:00 0          [vdso]
b7773000-b7793000 r-xp 00000000 08:05 2098249    /lib/i386-linux-gnu/ld-2.19.so
b7793000-b7794000 r--p 0001f000 08:05 2098249    /lib/i386-linux-gnu/ld-2.19.so
b7794000-b7795000 rw-p 00020000 08:05 2098249    /lib/i386-linux-gnu/ld-2.19.so
bf7c0000-bf7c1000 rwxp 00000000 00:00 0 
bf7f3000-bf814000 rw-p 00000000 00:00 0          [stack]

VM Arguments:
jvm_args: -Djava.awt.headless=true -Xmx1024M -Dfile.encoding=UTF-8 -Duser.country=US -Duser.language=en -Duser.variant 
java_command: com.android.dx.command.Main --dex --num-threads=4 --output /home/louise/Documents/android/android-project/Test/app/build/intermediates/pre-dexed/debug/com.google.android.gms-play-services-ads-8.3.0_cd46bb0a415463d2533e29458a784af7c3303705.jar /home/louise/Documents/android/android-project/Test/app/build/intermediates/exploded-aar/com.google.android.gms/play-services-ads/8.3.0/jars/classes.jar
Launcher Type: SUN_STANDARD

Environment Variables:
JAVA_HOME=/home/louise/Documents/android/jdk1.7.0_79
PATH=/usr/local/sbin:/usr/local/bin:/usr/sbin:/usr/bin:/sbin:/bin:/usr/games:/usr/local/games
LD_LIBRARY_PATH=.:
SHELL=/bin/bash
DISPLAY=:0.0

Signal Handlers:
SIGSEGV: [libjvm.so+0x811930], sa_mask[0]=0x7ffbfeff, sa_flags=0x10000004
SIGBUS: [libjvm.so+0x811930], sa_mask[0]=0x7ffbfeff, sa_flags=0x10000004
SIGFPE: [libjvm.so+0x688e60], sa_mask[0]=0x7ffbfeff, sa_flags=0x10000004
SIGPIPE: [libjvm.so+0x688e60], sa_mask[0]=0x7ffbfeff, sa_flags=0x10000004
SIGXFSZ: [libjvm.so+0x688e60], sa_mask[0]=0x7ffbfeff, sa_flags=0x10000004
SIGILL: [libjvm.so+0x688e60], sa_mask[0]=0x7ffbfeff, sa_flags=0x10000004
SIGUSR1: SIG_DFL, sa_mask[0]=0x00000000, sa_flags=0x00000000
SIGUSR2: [libjvm.so+0x688cf0], sa_mask[0]=0x00000004, sa_flags=0x10000004
SIGHUP: [libjvm.so+0x688f20], sa_mask[0]=0x7ffbfeff, sa_flags=0x10000004
SIGINT: [libjvm.so+0x688f20], sa_mask[0]=0x7ffbfeff, sa_flags=0x10000004
SIGTERM: [libjvm.so+0x688f20], sa_mask[0]=0x7ffbfeff, sa_flags=0x10000004
SIGQUIT: [libjvm.so+0x688f20], sa_mask[0]=0x7ffbfeff, sa_flags=0x10000004
SIGTRAP: SIG_DFL, sa_mask[0]=0x00000000, sa_flags=0x00000000


---------------  S Y S T E M  ---------------

OS:Ubuntu 14.04 (trusty)
uname:Linux 3.19.0-25-generic #26~14.04.1-Ubuntu SMP Fri Jul 24 21:18:00 UTC 2015 i686
libc:glibc 2.19 NPTL 2.19 
rlimit: STACK 8192k, CORE 0k, NPROC 31000, NOFILE 4096, AS infinity
load average:52.08 19.37 7.55

/proc/meminfo:
MemTotal:        3988012 kB
MemFree:         1188292 kB
MemAvailable:    1145192 kB
Buffers:            2144 kB
Cached:           243088 kB
SwapCached:            0 kB
Active:          2512360 kB
Inactive:         178868 kB
Active(anon):    2501752 kB
Inactive(anon):   122024 kB
Active(file):      10608 kB
Inactive(file):    56844 kB
Unevictable:          32 kB
Mlocked:              32 kB
HighTotal:       3129604 kB
HighFree:         910524 kB
LowTotal:         858408 kB
LowFree:          277768 kB
SwapTotal:             0 kB
SwapFree:              0 kB
Dirty:               684 kB
Writeback:             0 kB
AnonPages:       2446260 kB
Mapped:            95368 kB
Shmem:            177376 kB
Slab:              57200 kB
SReclaimable:      31864 kB
SUnreclaim:        25336 kB
KernelStack:        4664 kB
PageTables:        15696 kB
NFS_Unstable:          0 kB
Bounce:             1116 kB
WritebackTmp:          0 kB
CommitLimit:     1994004 kB
Committed_AS:    5261284 kB
VmallocTotal:     122880 kB
VmallocUsed:       44368 kB
VmallocChunk:      73608 kB
AnonHugePages:    661504 kB
CmaTotal:              0 kB
CmaFree:               0 kB
HugePages_Total:       0
HugePages_Free:        0
HugePages_Rsvd:        0
HugePages_Surp:        0
Hugepagesize:       2048 kB
DirectMap4k:       90104 kB
DirectMap2M:      823296 kB


CPU:total 4 (2 cores per cpu, 2 threads per core) family 6 model 42 stepping 7, cmov, cx8, fxsr, mmx, sse, sse2, sse3, ssse3, sse4.1, sse4.2, popcnt, avx, ht, tsc, tscinvbit

/proc/cpuinfo:
processor	: 0
vendor_id	: GenuineIntel
cpu family	: 6
model		: 42
model name	: Intel(R) Core(TM) i5-2410M CPU @ 2.30GHz
stepping	: 7
microcode	: 0x17
cpu MHz		: 2699.984
cache size	: 3072 KB
physical id	: 0
siblings	: 4
core id		: 0
cpu cores	: 2
apicid		: 0
initial apicid	: 0
fdiv_bug	: no
f00f_bug	: no
coma_bug	: no
fpu		: yes
fpu_exception	: yes
cpuid level	: 13
wp		: yes
flags		: fpu vme de pse tsc msr pae mce cx8 apic sep mtrr pge mca cmov pat pse36 clflush dts acpi mmx fxsr sse sse2 ss ht tm pbe nx rdtscp lm constant_tsc arch_perfmon pebs bts xtopology nonstop_tsc aperfmperf eagerfpu pni pclmulqdq dtes64 monitor ds_cpl vmx est tm2 ssse3 cx16 xtpr pdcm pcid sse4_1 sse4_2 x2apic popcnt tsc_deadline_timer xsave avx lahf_lm ida arat epb pln pts dtherm tpr_shadow vnmi flexpriority ept vpid xsaveopt
bugs		:
bogomips	: 4589.50
clflush size	: 64
cache_alignment	: 64
address sizes	: 36 bits physical, 48 bits virtual
power management:

processor	: 1
vendor_id	: GenuineIntel
cpu family	: 6
model		: 42
model name	: Intel(R) Core(TM) i5-2410M CPU @ 2.30GHz
stepping	: 7
microcode	: 0x17
cpu MHz		: 2700.523
cache size	: 3072 KB
physical id	: 0
siblings	: 4
core id		: 0
cpu cores	: 2
apicid		: 1
initial apicid	: 1
fdiv_bug	: no
f00f_bug	: no
coma_bug	: no
fpu		: yes
fpu_exception	: yes
cpuid level	: 13
wp		: yes
flags		: fpu vme de pse tsc msr pae mce cx8 apic sep mtrr pge mca cmov pat pse36 clflush dts acpi mmx fxsr sse sse2 ss ht tm pbe nx rdtscp lm constant_tsc arch_perfmon pebs bts xtopology nonstop_tsc aperfmperf eagerfpu pni pclmulqdq dtes64 monitor ds_cpl vmx est tm2 ssse3 cx16 xtpr pdcm pcid sse4_1 sse4_2 x2apic popcnt tsc_deadline_timer xsave avx lahf_lm ida arat epb pln pts dtherm tpr_shadow vnmi flexpriority ept vpid xsaveopt
bugs		:
bogomips	: 4589.50
clflush size	: 64
cache_alignment	: 64
address sizes	: 36 bits physical, 48 bits virtual
power management:

processor	: 2
vendor_id	: GenuineIntel
cpu family	: 6
model		: 42
model name	: Intel(R) Core(TM) i5-2410M CPU @ 2.30GHz
stepping	: 7
microcode	: 0x17
cpu MHz		: 2699.894
cache size	: 3072 KB
physical id	: 0
siblings	: 4
core id		: 1
cpu cores	: 2
apicid		: 2
initial apicid	: 2
fdiv_bug	: no
f00f_bug	: no
coma_bug	: no
fpu		: yes
fpu_exception	: yes
cpuid level	: 13
wp		: yes
flags		: fpu vme de pse tsc msr pae mce cx8 apic sep mtrr pge mca cmov pat pse36 clflush dts acpi mmx fxsr sse sse2 ss ht tm pbe nx rdtscp lm constant_tsc arch_perfmon pebs bts xtopology nonstop_tsc aperfmperf eagerfpu pni pclmulqdq dtes64 monitor ds_cpl vmx est tm2 ssse3 cx16 xtpr pdcm pcid sse4_1 sse4_2 x2apic popcnt tsc_deadline_timer xsave avx lahf_lm ida arat epb pln pts dtherm tpr_shadow vnmi flexpriority ept vpid xsaveopt
bugs		:
bogomips	: 4589.50
clflush size	: 64
cache_alignment	: 64
address sizes	: 36 bits physical, 48 bits virtual
power management:

processor	: 3
vendor_id	: GenuineIntel
cpu family	: 6
model		: 42
model name	: Intel(R) Core(TM) i5-2410M CPU @ 2.30GHz
stepping	: 7
microcode	: 0x17
cpu MHz		: 2699.894
cache size	: 3072 KB
physical id	: 0
siblings	: 4
core id		: 1
cpu cores	: 2
apicid		: 3
initial apicid	: 3
fdiv_bug	: no
f00f_bug	: no
coma_bug	: no
fpu		: yes
fpu_exception	: yes
cpuid level	: 13
wp		: yes
flags		: fpu vme de pse tsc msr pae mce cx8 apic sep mtrr pge mca cmov pat pse36 clflush dts acpi mmx fxsr sse sse2 ss ht tm pbe nx rdtscp lm constant_tsc arch_perfmon pebs bts xtopology nonstop_tsc aperfmperf eagerfpu pni pclmulqdq dtes64 monitor ds_cpl vmx est tm2 ssse3 cx16 xtpr pdcm pcid sse4_1 sse4_2 x2apic popcnt tsc_deadline_timer xsave avx lahf_lm ida arat epb pln pts dtherm tpr_shadow vnmi flexpriority ept vpid xsaveopt
bugs		:
bogomips	: 4589.50
clflush size	: 64
cache_alignment	: 64
address sizes	: 36 bits physical, 48 bits virtual
power management:



Memory: 4k page, physical 3988012k(1188292k free), swap 0k(0k free)

vm_info: OpenJDK Server VM (24.85-b03) for linux-x86 JRE (1.7.0_85-b01), built on Oct 22 2015 15:09:24 by "buildd" with gcc 4.8.2

time: Thu Dec 31 16:53:14 2015
elapsed time: 122 seconds

